[ Wrapping_Machine ] 2014/02/11 07:41:48
Wrapping.0.130702 version:130718 runin= 
Number= 1234567890-1.log Eth_Mac= 00:12:34:56:78:90 9514_Mac= 00:12:34:56:78:90
26.Test HW= Pass
25.Test RTC= Pass
1.Test LED= Pass
13.Test GPIO= Fail
20.Test Audio= Pass
22.Test Lvds= Fail
23.Test 3AXIS= Pass
24.Test TouchPanel= Pass
3.Test USB= Pass
8.Test Ethernet= Pass
21.Test Ethernet= Pass
10.Test RS232= Fail
11.Test DDR= Pass
12.Test SDCARD= Pass
===========END==========


1234567890

001234567890
001234567891
