[ Wrapping_Machine ] 1983/01/01 00:10:12
Wrapping.0.130702 version:140408 runin= 119
Number= 1234567890-0.log Eth_Mac= 12:34:56:78:90:12 9514_Mac= 12:34:56:78:90:12
0.e.MCU_version= Fail
26.Test HW= Pass
25.Test RTC= Pass
1.Test LED= Pass
13.Test GPIO= Pass
20.Test Audio= Pass
22.Test Lvds= Pass
23.Test 3AXIS= Pass
24.Test TouchPanel= Pass
3.Test USB= Fail
4.Test WIFI= Fail
8.Test Ethernet= Fail
21.Test Ethernet= Fail
10.Test RS232= Fail
11.Test DDR= Pass
12.Test SDCARD= Pass
===========END==========
